\BOOKMARK [0][-]{abstract.0}{Abstract}{}% 1
\BOOKMARK [0][-]{contents.0}{CONTENTS}{}% 2
\BOOKMARK [0][-]{chapter*.3}{FIGURES}{}% 3
\BOOKMARK [0][-]{chapter*.4}{TABLES}{}% 4
\BOOKMARK [0][-]{chapter*.5}{ACKNOWLEDGMENTS}{}% 5
\BOOKMARK [0][-]{chapter.1}{CHAPTER 1: INTRODUCTION}{}% 6
\BOOKMARK [1][-]{section.1.1}{1.1 Overview}{chapter.1}% 7
\BOOKMARK [1][-]{section.1.2}{1.2 Contributions}{chapter.1}% 8
\BOOKMARK [0][-]{chapter.2}{CHAPTER 2: Large-scale Dataset}{}% 9
\BOOKMARK [1][-]{section.2.1}{2.1 Data Collection}{chapter.2}% 10
\BOOKMARK [1][-]{section.2.2}{2.2 Dataset Overview}{chapter.2}% 11
\BOOKMARK [1][-]{section.2.3}{2.3 Comparison}{chapter.2}% 12
\BOOKMARK [0][-]{chapter.3}{CHAPTER 3: Bluetooth Proximity}{}% 13
\BOOKMARK [1][-]{section.3.1}{3.1 Background}{chapter.3}% 14
\BOOKMARK [1][-]{section.3.2}{3.2 Related Work}{chapter.3}% 15
\BOOKMARK [1][-]{section.3.3}{3.3 Proximity Estimation Model}{chapter.3}% 16
\BOOKMARK [2][-]{subsection.3.3.1}{3.3.1 Bluetooth RSSI vs. Distance}{section.3.3}% 17
\BOOKMARK [2][-]{subsection.3.3.2}{3.3.2 Proximity Estimation Model}{section.3.3}% 18
\BOOKMARK [2][-]{subsection.3.3.3}{3.3.3 Comparisons}{section.3.3}% 19
\BOOKMARK [1][-]{section.3.4}{3.4 Case Study}{chapter.3}% 20
\BOOKMARK [2][-]{subsection.3.4.1}{3.4.1 Proximity in large group}{section.3.4}% 21
\BOOKMARK [2][-]{subsection.3.4.2}{3.4.2 Proximity in small group}{section.3.4}% 22
\BOOKMARK [1][-]{section.3.5}{3.5 Summary}{chapter.3}% 23
\BOOKMARK [0][-]{chapter.4}{CHAPTER 4: WiFi Offloading}{}% 24
\BOOKMARK [1][-]{section.4.1}{4.1 Background}{chapter.4}% 25
\BOOKMARK [1][-]{section.4.2}{4.2 Related work}{chapter.4}% 26
\BOOKMARK [1][-]{section.4.3}{4.3 WiFi Offloading in Practice}{chapter.4}% 27
\BOOKMARK [1][-]{section.4.4}{4.4 Comparison of User Behavior}{chapter.4}% 28
\BOOKMARK [2][-]{subsection.4.4.1}{4.4.1 Phone Usage}{section.4.4}% 29
\BOOKMARK [2][-]{subsection.4.4.2}{4.4.2 App Usage}{section.4.4}% 30
\BOOKMARK [1][-]{section.4.5}{4.5 Summary}{chapter.4}% 31
\BOOKMARK [0][-]{chapter.5}{CHAPTER 5: Opportunistic Relaying}{}% 32
\BOOKMARK [1][-]{section.5.1}{5.1 Background}{chapter.5}% 33
\BOOKMARK [1][-]{section.5.2}{5.2 Related Work}{chapter.5}% 34
\BOOKMARK [1][-]{section.5.3}{5.3 Evaluating Practical Relaying}{chapter.5}% 35
\BOOKMARK [2][-]{subsection.5.3.1}{5.3.1 Availability}{section.5.3}% 36
\BOOKMARK [3][-]{subsubsection.5.3.1.1}{5.3.1.1 Proximity}{subsection.5.3.1}% 37
\BOOKMARK [3][-]{subsubsection.5.3.1.2}{5.3.1.2 Symmetry}{subsection.5.3.1}% 38
\BOOKMARK [3][-]{subsubsection.5.3.1.3}{5.3.1.3 Diversity}{subsection.5.3.1}% 39
\BOOKMARK [3][-]{subsubsection.5.3.1.4}{5.3.1.4 Residual Battery}{subsection.5.3.1}% 40
\BOOKMARK [3][-]{subsubsection.5.3.1.5}{5.3.1.5 Evaluating Availability}{subsection.5.3.1}% 41
\BOOKMARK [2][-]{subsection.5.3.2}{5.3.2 Prevalence}{section.5.3}% 42
\BOOKMARK [3][-]{subsubsection.5.3.2.1}{5.3.2.1 Time in Proximity}{subsection.5.3.2}% 43
\BOOKMARK [3][-]{subsubsection.5.3.2.2}{5.3.2.2 Intercontact Time and Beyond}{subsection.5.3.2}% 44
\BOOKMARK [3][-]{subsubsection.5.3.2.3}{5.3.2.3 Measuring Effective Utility}{subsection.5.3.2}% 45
\BOOKMARK [3][-]{subsubsection.5.3.2.4}{5.3.2.4 Evaluating Prevalence}{subsection.5.3.2}% 46
\BOOKMARK [2][-]{subsection.5.3.3}{5.3.3 Stability}{section.5.3}% 47
\BOOKMARK [2][-]{subsection.5.3.4}{5.3.4 Reciprocity}{section.5.3}% 48
\BOOKMARK [1][-]{section.5.4}{5.4 Summary}{chapter.5}% 49
\BOOKMARK [0][-]{chapter.6}{CHAPTER 6: Energy Consumption}{}% 50
\BOOKMARK [0][-]{chapter.7}{CHAPTER 7: Conclusion and Outlook}{}% 51
\BOOKMARK [0][-]{appendix.A}{APPENDIX A: Appendix}{}% 52
\BOOKMARK [0][-]{appendix*.6}{BIBLIOGRAPHY}{}% 53
